This is pdfTeX, Version 3.14159265-2.6-1.40.20 (TeX Live 2019/Debian) (preloaded format=pdflatex 2020.6.24)  28 SEP 2020 17:59
entering extended mode
 restricted \write18 enabled.
 %&-line parsing enabled.
**thesis.tex
(./thesis.tex
LaTeX2e <2020-02-02> patch level 2
L3 programming layer <2020-02-14>
(/usr/share/texlive/texmf-dist/tex/latex/base/book.cls
Document Class: book 2019/12/20 v1.4l Standard LaTeX document class
(/usr/share/texlive/texmf-dist/tex/latex/base/bk11.clo
File: bk11.clo 2019/12/20 v1.4l Standard LaTeX file (size option)
)
\c@part=\count167
\c@chapter=\count168
\c@section=\count169
\c@subsection=\count170
\c@subsubsection=\count171
\c@paragraph=\count172
\c@subparagraph=\count173
\c@figure=\count174
\c@table=\count175
\abovecaptionskip=\skip47
\belowcaptionskip=\skip48
\bibindent=\dimen134
)
(/usr/share/texlive/texmf-dist/tex/latex/stmaryrd/stmaryrd.sty
Package: stmaryrd 1994/03/03 St Mary's Road symbol package
\symstmry=\mathgroup4
LaTeX Font Info:    Overwriting symbol font `stmry' in version `bold'
(Font)                  U/stmry/m/n --> U/stmry/b/n on input line 89.
)
(/usr/share/texlive/texmf-dist/tex/latex/amsfonts/amsfonts.sty
Package: amsfonts 2013/01/14 v3.01 Basic AMSFonts support
\@emptytoks=\toks14
\symAMSa=\mathgroup5
\symAMSb=\mathgroup6
LaTeX Font Info:    Redeclaring math symbol \hbar on input line 98.
LaTeX Font Info:    Overwriting math alphabet `\mathfrak' in version `bold'
(Font)                  U/euf/m/n --> U/euf/b/n on input line 106.
)
(/usr/share/texlive/texmf-dist/tex/latex/amsmath/amscd.sty
Package: amscd 2017/04/14 v2.1 AMS Commutative Diagrams

(/usr/share/texlive/texmf-dist/tex/latex/amsmath/amsgen.sty
File: amsgen.sty 1999/11/30 v2.0 generic functions
\@emptytoks=\toks15
\ex@=\dimen135
)
\athelp@=\toks16
\minaw@=\dimen136
\bigaw@=\dimen137
\minCDarrowwidth=\dimen138
)
(/usr/share/texlive/texmf-dist/tex/latex/amsfonts/amssymb.sty
Package: amssymb 2013/01/14 v3.01 AMS font symbols
LaTeX Font Info:    Redeclaring math symbol \boxdot on input line 44.
)
(/usr/share/texlive/texmf-dist/tex/latex/amsmath/amsmath.sty
Package: amsmath 2020/01/20 v2.17e AMS math features
\@mathmargin=\skip49

For additional information on amsmath, use the `?' option.
(/usr/share/texlive/texmf-dist/tex/latex/amsmath/amstext.sty
Package: amstext 2000/06/29 v2.01 AMS text
)
(/usr/share/texlive/texmf-dist/tex/latex/amsmath/amsbsy.sty
Package: amsbsy 1999/11/29 v1.2d Bold Symbols
\pmbraise@=\dimen139
)
(/usr/share/texlive/texmf-dist/tex/latex/amsmath/amsopn.sty
Package: amsopn 2016/03/08 v2.02 operator names
)
\inf@bad=\count176
LaTeX Info: Redefining \frac on input line 227.
\uproot@=\count177
\leftroot@=\count178
LaTeX Info: Redefining \overline on input line 389.
\classnum@=\count179
\DOTSCASE@=\count180
LaTeX Info: Redefining \ldots on input line 486.
LaTeX Info: Redefining \dots on input line 489.
LaTeX Info: Redefining \cdots on input line 610.
\Mathstrutbox@=\box45
\strutbox@=\box46
\big@size=\dimen140
LaTeX Font Info:    Redeclaring font encoding OML on input line 733.
LaTeX Font Info:    Redeclaring font encoding OMS on input line 734.
\macc@depth=\count181
\c@MaxMatrixCols=\count182
\dotsspace@=\muskip16
\c@parentequation=\count183
\dspbrk@lvl=\count184
\tag@help=\toks17
\row@=\count185
\column@=\count186
\maxfields@=\count187
\andhelp@=\toks18
\eqnshift@=\dimen141
\alignsep@=\dimen142
\tagshift@=\dimen143
\tagwidth@=\dimen144
\totwidth@=\dimen145
\lineht@=\dimen146
\@envbody=\toks19
\multlinegap=\skip50
\multlinetaggap=\skip51
\mathdisplay@stack=\toks20
LaTeX Info: Redefining \[ on input line 2859.
LaTeX Info: Redefining \] on input line 2860.
)
(/usr/share/texlive/texmf-dist/tex/latex/amscls/amsthm.sty
Package: amsthm 2017/10/31 v2.20.4
\thm@style=\toks21
\thm@bodyfont=\toks22
\thm@headfont=\toks23
\thm@notefont=\toks24
\thm@headpunct=\toks25
\thm@preskip=\skip52
\thm@postskip=\skip53
\thm@headsep=\skip54
\dth@everypar=\toks26
)
(/usr/share/texlive/texmf-dist/tex/latex/hyperref/hyperref.sty
Package: hyperref 2020/01/14 v7.00d Hypertext links for LaTeX

(/usr/share/texlive/texmf-dist/tex/generic/ltxcmds/ltxcmds.sty
Package: ltxcmds 2019/12/15 v1.24 LaTeX kernel commands for general use (HO)
)
(/usr/share/texlive/texmf-dist/tex/generic/iftex/iftex.sty
Package: iftex 2019/11/07 v1.0c TeX engine tests
)
(/usr/share/texlive/texmf-dist/tex/latex/pdftexcmds/pdftexcmds.sty
Package: pdftexcmds 2019/11/24 v0.31 Utility functions of pdfTeX for LuaTeX (HO
)

(/usr/share/texlive/texmf-dist/tex/generic/infwarerr/infwarerr.sty
Package: infwarerr 2019/12/03 v1.5 Providing info/warning/error messages (HO)
)
Package pdftexcmds Info: \pdf@primitive is available.
Package pdftexcmds Info: \pdf@ifprimitive is available.
Package pdftexcmds Info: \pdfdraftmode found.
)
(/usr/share/texlive/texmf-dist/tex/latex/graphics/keyval.sty
Package: keyval 2014/10/28 v1.15 key=value parser (DPC)
\KV@toks@=\toks27
)
(/usr/share/texlive/texmf-dist/tex/generic/kvsetkeys/kvsetkeys.sty
Package: kvsetkeys 2019/12/15 v1.18 Key value parser (HO)
)
(/usr/share/texlive/texmf-dist/tex/generic/kvdefinekeys/kvdefinekeys.sty
Package: kvdefinekeys 2019-12-19 v1.6 Define keys (HO)
)
(/usr/share/texlive/texmf-dist/tex/generic/pdfescape/pdfescape.sty
Package: pdfescape 2019/12/09 v1.15 Implements pdfTeX's escape features (HO)
)
(/usr/share/texlive/texmf-dist/tex/latex/hycolor/hycolor.sty
Package: hycolor 2020-01-27 v1.10 Color options for hyperref/bookmark (HO)
)
(/usr/share/texlive/texmf-dist/tex/latex/letltxmacro/letltxmacro.sty
Package: letltxmacro 2019/12/03 v1.6 Let assignment for LaTeX macros (HO)
)
(/usr/share/texlive/texmf-dist/tex/latex/auxhook/auxhook.sty
Package: auxhook 2019-12-17 v1.6 Hooks for auxiliary files (HO)
)
(/usr/share/texlive/texmf-dist/tex/latex/kvoptions/kvoptions.sty
Package: kvoptions 2019/11/29 v3.13 Key value format for package options (HO)
)
\@linkdim=\dimen147
\Hy@linkcounter=\count188
\Hy@pagecounter=\count189

(/usr/share/texlive/texmf-dist/tex/latex/hyperref/pd1enc.def
File: pd1enc.def 2020/01/14 v7.00d Hyperref: PDFDocEncoding definition (HO)
Now handling font encoding PD1 ...
... no UTF-8 mapping file for font encoding PD1
)
(/usr/share/texlive/texmf-dist/tex/generic/intcalc/intcalc.sty
Package: intcalc 2019/12/15 v1.3 Expandable calculations with integers (HO)
)
(/usr/share/texlive/texmf-dist/tex/generic/etexcmds/etexcmds.sty
Package: etexcmds 2019/12/15 v1.7 Avoid name clashes with e-TeX commands (HO)
)
\Hy@SavedSpaceFactor=\count190
\pdfmajorversion=\count191
Package hyperref Info: Hyper figures OFF on input line 4547.
Package hyperref Info: Link nesting OFF on input line 4552.
Package hyperref Info: Hyper index ON on input line 4555.
Package hyperref Info: Plain pages OFF on input line 4562.
Package hyperref Info: Backreferencing OFF on input line 4567.
Package hyperref Info: Implicit mode ON; LaTeX internals redefined.
Package hyperref Info: Bookmarks ON on input line 4800.
\c@Hy@tempcnt=\count192

(/usr/share/texlive/texmf-dist/tex/latex/url/url.sty
\Urlmuskip=\muskip17
Package: url 2013/09/16  ver 3.4  Verb mode for urls, etc.
)
LaTeX Info: Redefining \url on input line 5159.
\XeTeXLinkMargin=\dimen148

(/usr/share/texlive/texmf-dist/tex/generic/bitset/bitset.sty
Package: bitset 2019/12/09 v1.3 Handle bit-vector datatype (HO)

(/usr/share/texlive/texmf-dist/tex/generic/bigintcalc/bigintcalc.sty
Package: bigintcalc 2019/12/15 v1.5 Expandable calculations on big integers (HO
)
))
\Fld@menulength=\count193
\Field@Width=\dimen149
\Fld@charsize=\dimen150
Package hyperref Info: Hyper figures OFF on input line 6430.
Package hyperref Info: Link nesting OFF on input line 6435.
Package hyperref Info: Hyper index ON on input line 6438.
Package hyperref Info: backreferencing OFF on input line 6445.
Package hyperref Info: Link coloring OFF on input line 6450.
Package hyperref Info: Link coloring with OCG OFF on input line 6455.
Package hyperref Info: PDF/A mode OFF on input line 6460.
LaTeX Info: Redefining \ref on input line 6500.
LaTeX Info: Redefining \pageref on input line 6504.

(/usr/share/texlive/texmf-dist/tex/generic/atbegshi/atbegshi.sty
Package: atbegshi 2019/12/05 v1.19 At begin shipout hook (HO)
)
\Hy@abspage=\count194
\c@Item=\count195
\c@Hfootnote=\count196
)
Package hyperref Info: Driver (autodetected): hpdftex.

(/usr/share/texlive/texmf-dist/tex/latex/hyperref/hpdftex.def
File: hpdftex.def 2020/01/14 v7.00d Hyperref driver for pdfTeX

(/usr/share/texlive/texmf-dist/tex/latex/atveryend/atveryend.sty
Package: atveryend 2019-12-11 v1.11 Hooks at the very end of document (HO)
Package atveryend Info: \enddocument detected (standard20110627).
)
\Fld@listcount=\count197
\c@bookmark@seq@number=\count198

(/usr/share/texlive/texmf-dist/tex/latex/rerunfilecheck/rerunfilecheck.sty
Package: rerunfilecheck 2019/12/05 v1.9 Rerun checks for auxiliary files (HO)

(/usr/share/texlive/texmf-dist/tex/generic/uniquecounter/uniquecounter.sty
Package: uniquecounter 2019/12/15 v1.4 Provide unlimited unique counter (HO)
)
Package uniquecounter Info: New unique counter `rerunfilecheck' on input line 2
86.
)
\Hy@SectionHShift=\skip55
)
(/usr/share/texlive/texmf-dist/tex/latex/jknapltx/mathrsfs.sty
Package: mathrsfs 1996/01/01 Math RSFS package v1.0 (jk)
\symrsfs=\mathgroup7
)
(/usr/share/texlive/texmf-dist/tex/latex/multirow/multirow.sty
Package: multirow 2019/05/31 v2.5 Span multiple rows of a table
\multirow@colwidth=\skip56
\multirow@cntb=\count199
\multirow@dima=\skip57
\bigstrutjot=\dimen151
)
(/usr/share/texlive/texmf-dist/tex/latex/xcolor/xcolor.sty
Package: xcolor 2016/05/11 v2.12 LaTeX color extensions (UK)

(/usr/share/texlive/texmf-dist/tex/latex/graphics-cfg/color.cfg
File: color.cfg 2016/01/02 v1.6 sample color configuration
)
Package xcolor Info: Driver file: pdftex.def on input line 225.

(/usr/share/texlive/texmf-dist/tex/latex/graphics-def/pdftex.def
File: pdftex.def 2018/01/08 v1.0l Graphics/color driver for pdftex
)
Package xcolor Info: Model `cmy' substituted by `cmy0' on input line 1348.
Package xcolor Info: Model `hsb' substituted by `rgb' on input line 1352.
Package xcolor Info: Model `RGB' extended on input line 1364.
Package xcolor Info: Model `HTML' substituted by `rgb' on input line 1366.
Package xcolor Info: Model `Hsb' substituted by `hsb' on input line 1367.
Package xcolor Info: Model `tHsb' substituted by `hsb' on input line 1368.
Package xcolor Info: Model `HSB' substituted by `hsb' on input line 1369.
Package xcolor Info: Model `Gray' substituted by `gray' on input line 1370.
Package xcolor Info: Model `wave' substituted by `hsb' on input line 1371.
)
(/usr/share/texlive/texmf-dist/tex/latex/graphics/lscape.sty
Package: lscape 2000/10/22 v3.01 Landscape Pages (DPC)

(/usr/share/texlive/texmf-dist/tex/latex/graphics/graphics.sty
Package: graphics 2019/11/30 v1.4a Standard LaTeX Graphics (DPC,SPQR)

(/usr/share/texlive/texmf-dist/tex/latex/graphics/trig.sty
Package: trig 2016/01/03 v1.10 sin cos tan (DPC)
)
(/usr/share/texlive/texmf-dist/tex/latex/graphics-cfg/graphics.cfg
File: graphics.cfg 2016/06/04 v1.11 sample graphics configuration
)
Package graphics Info: Driver file: pdftex.def on input line 105.
))
(/usr/share/texlive/texmf-dist/tex/latex/base/ifthen.sty
Package: ifthen 2014/09/29 v1.1c Standard LaTeX ifthen package (DPC)
)
(/usr/share/texlive/texmf-dist/tex/latex/mathtools/mathtools.sty
Package: mathtools 2020/01/17 v1.23 mathematical typesetting tools

(/usr/share/texlive/texmf-dist/tex/latex/tools/calc.sty
Package: calc 2017/05/25 v4.3 Infix arithmetic (KKT,FJ)
\calc@Acount=\count266
\calc@Bcount=\count267
\calc@Adimen=\dimen152
\calc@Bdimen=\dimen153
\calc@Askip=\skip58
\calc@Bskip=\skip59
LaTeX Info: Redefining \setlength on input line 80.
LaTeX Info: Redefining \addtolength on input line 81.
\calc@Ccount=\count268
\calc@Cskip=\skip60
)
(/usr/share/texlive/texmf-dist/tex/latex/mathtools/mhsetup.sty
Package: mhsetup 2017/03/31 v1.3 programming setup (MH)
)
LaTeX Info: Thecontrolsequence`\('isalreadyrobust on input line 129.
LaTeX Info: Thecontrolsequence`\)'isalreadyrobust on input line 129.
LaTeX Info: Thecontrolsequence`\['isalreadyrobust on input line 129.
LaTeX Info: Thecontrolsequence`\]'isalreadyrobust on input line 129.
\g_MT_multlinerow_int=\count269
\l_MT_multwidth_dim=\dimen154
\origjot=\skip61
\l_MT_shortvdotswithinadjustabove_dim=\dimen155
\l_MT_shortvdotswithinadjustbelow_dim=\dimen156
\l_MT_above_intertext_sep=\dimen157
\l_MT_below_intertext_sep=\dimen158
\l_MT_above_shortintertext_sep=\dimen159
\l_MT_below_shortintertext_sep=\dimen160
)
(/usr/share/texlive/texmf-dist/tex/latex/graphics/graphicx.sty
Package: graphicx 2019/11/30 v1.2a Enhanced LaTeX Graphics (DPC,SPQR)
\Gin@req@height=\dimen161
\Gin@req@width=\dimen162
)
(/usr/share/texlive/texmf-dist/tex/latex/fancyhdr/fancyhdr.sty
Package: fancyhdr 2019/01/31 v3.10 Extensive control of page headers and footer
s
\f@nch@headwidth=\skip62
\f@nch@O@elh=\skip63
\f@nch@O@erh=\skip64
\f@nch@O@olh=\skip65
\f@nch@O@orh=\skip66
\f@nch@O@elf=\skip67
\f@nch@O@erf=\skip68
\f@nch@O@olf=\skip69
\f@nch@O@orf=\skip70
)
(/usr/share/texlive/texmf-dist/tex/latex/tools/enumerate.sty
Package: enumerate 2015/07/23 v3.00 enumerate extensions (DPC)
\@enLab=\toks28
)
(/usr/share/texlive/texmf-dist/tex/latex/bbm-macros/bbm.sty
Package: bbm 1999/03/15 V 1.2 provides fonts for set symbols - TH
LaTeX Font Info:    Overwriting math alphabet `\mathbbm' in version `bold'
(Font)                  U/bbm/m/n --> U/bbm/bx/n on input line 33.
LaTeX Font Info:    Overwriting math alphabet `\mathbbmss' in version `bold'
(Font)                  U/bbmss/m/n --> U/bbmss/bx/n on input line 35.
)
(/usr/share/texlive/texmf-dist/tex/latex/easy/easytable.sty
Document Style `easytable' v1.0 <2001/06/13>.
(/usr/share/texlive/texmf-dist/tex/latex/easy/easy.sty
Document Style `easy' v1.1 <2001/05/31>.
Package: easy 2001/05/31 v1.1
\@easy@level=\count270
\@easy@ncol=\count271
\@easy@nrow=\count272
\@easy@cnt=\count273
\@easy@boxviii=\box47
\@easy@minxviii=\dimen163
\@easy@minyviii=\dimen164
\@easy@maxxviii=\dimen165
\@easy@maxyviii=\dimen166
\@easy@boxvii=\box48
\@easy@minxvii=\dimen167
\@easy@minyvii=\dimen168
\@easy@maxxvii=\dimen169
\@easy@maxyvii=\dimen170
\@easy@boxvi=\box49
\@easy@minxvi=\dimen171
\@easy@minyvi=\dimen172
\@easy@maxxvi=\dimen173
\@easy@maxyvi=\dimen174
\@easy@boxv=\box50
\@easy@minxv=\dimen175
\@easy@minyv=\dimen176
\@easy@maxxv=\dimen177
\@easy@maxyv=\dimen178
\@easy@boxiv=\box51
\@easy@minxiv=\dimen179
\@easy@minyiv=\dimen180
\@easy@maxxiv=\dimen181
\@easy@maxyiv=\dimen182
\@easy@boxiii=\box52
\@easy@minxiii=\dimen183
\@easy@minyiii=\dimen184
\@easy@maxxiii=\dimen185
\@easy@maxyiii=\dimen186
\@easy@boxii=\box53
\@easy@minxii=\dimen187
\@easy@minyii=\dimen188
\@easy@maxxii=\dimen189
\@easy@maxyii=\dimen190
\@easy@boxi=\box54
\@easy@minxi=\dimen191
\@easy@minyi=\dimen192
\@easy@maxxi=\dimen193
\@easy@maxyi=\dimen194
\@easy@hsizexxx=\dimen195
\@easy@vsizexxx=\dimen196
\@easy@hsizexxix=\dimen197
\@easy@vsizexxix=\dimen198
\@easy@hsizexxviii=\dimen199
\@easy@vsizexxviii=\dimen256
\@easy@hsizexxvii=\dimen257
\@easy@vsizexxvii=\dimen258
\@easy@hsizexxvi=\dimen259
\@easy@vsizexxvi=\dimen260
\@easy@hsizexxv=\dimen261
\@easy@vsizexxv=\dimen262
\@easy@hsizexxiv=\dimen263
\@easy@vsizexxiv=\dimen264
\@easy@hsizexxiii=\dimen265
\@easy@vsizexxiii=\dimen266
\@easy@hsizexxii=\dimen267
\@easy@vsizexxii=\dimen268
\@easy@hsizexxi=\dimen269
\@easy@vsizexxi=\dimen270
\@easy@hsizexx=\dimen271
\@easy@vsizexx=\dimen272
\@easy@hsizexix=\dimen273
\@easy@vsizexix=\dimen274
\@easy@hsizexviii=\dimen275
\@easy@vsizexviii=\dimen276
\@easy@hsizexvii=\dimen277
\@easy@vsizexvii=\dimen278
\@easy@hsizexvi=\dimen279
\@easy@vsizexvi=\dimen280
\@easy@hsizexv=\dimen281
\@easy@vsizexv=\dimen282
\@easy@hsizexiv=\dimen283
\@easy@vsizexiv=\dimen284
\@easy@hsizexiii=\dimen285
\@easy@vsizexiii=\dimen286
\@easy@hsizexii=\dimen287
\@easy@vsizexii=\dimen288
\@easy@hsizexi=\dimen289
\@easy@vsizexi=\dimen290
\@easy@hsizex=\dimen291
\@easy@vsizex=\dimen292
\@easy@hsizeix=\dimen293
\@easy@vsizeix=\dimen294
\@easy@hsizeviii=\dimen295
\@easy@vsizeviii=\dimen296
\@easy@hsizevii=\dimen297
\@easy@vsizevii=\dimen298
\@easy@hsizevi=\dimen299
\@easy@vsizevi=\dimen300
\@easy@hsizev=\dimen301
\@easy@vsizev=\dimen302
\@easy@hsizeiv=\dimen303
\@easy@vsizeiv=\dimen304
\@easy@hsizeiii=\dimen305
\@easy@vsizeiii=\dimen306
\@easy@hsizeii=\dimen307
\@easy@vsizeii=\dimen308
\@easy@hsizei=\dimen309
\@easy@vsizei=\dimen310
\@easy@dash@len=\dimen311
\@easy@dash@sep=\dimen312
)
Package: easytable 2001/05/31v1.1
\@tab@size@rule=\dimen313
\@tab@size@dash=\dimen314
) (/usr/share/texlive/texmf-dist/tex/latex/appendix/appendix.sty
Package: appendix 2020/02/08 v1.2c extra appendix facilities
\c@@pps=\count274
\c@@ppsavesec=\count275
\c@@ppsaveapp=\count276
)
(/usr/share/texlive/texmf-dist/tex/latex/cleveref/cleveref.sty
Package: cleveref 2018/03/27 v0.21.4 Intelligent cross-referencing
Package cleveref Info: `hyperref' support loaded on input line 2370.
LaTeX Info: Redefining \cref on input line 2370.
LaTeX Info: Redefining \Cref on input line 2370.
LaTeX Info: Redefining \crefrange on input line 2370.
LaTeX Info: Redefining \Crefrange on input line 2370.
LaTeX Info: Redefining \cpageref on input line 2370.
LaTeX Info: Redefining \Cpageref on input line 2370.
LaTeX Info: Redefining \cpagerefrange on input line 2370.
LaTeX Info: Redefining \Cpagerefrange on input line 2370.
LaTeX Info: Redefining \labelcref on input line 2370.
LaTeX Info: Redefining \labelcpageref on input line 2370.
Package cleveref Info: `amsthm' support loaded on input line 3026.
)
(/usr/share/texlive/texmf-dist/tex/latex/koma-script/typearea.sty
Package: typearea 2020/01/24 v3.29 KOMA-Script package (type area)

(/usr/share/texlive/texmf-dist/tex/latex/koma-script/scrkbase.sty
Package: scrkbase 2020/01/24 v3.29 KOMA-Script package (KOMA-Script-dependent b
asics and keyval usage)

(/usr/share/texlive/texmf-dist/tex/latex/koma-script/scrbase.sty
Package: scrbase 2020/01/24 v3.29 KOMA-Script package (KOMA-Script-independent 
basics and keyval usage)

(/usr/share/texlive/texmf-dist/tex/latex/koma-script/scrlfile.sty
Package: scrlfile 2020/01/24 v3.29 KOMA-Script package (loading files)
)))
\ta@bcor=\skip71
\ta@div=\count277
\ta@hblk=\skip72
\ta@vblk=\skip73
\ta@temp=\skip74
\footheight=\skip75


Package typearea Warning: Bad type area settings!
(typearea)                The detected line width is about 17%
(typearea)                larger than the heuristically estimated maximum
(typearea)                limit of typographical good line width.
(typearea)                You should e.g. decrease DIV, increase fontsize
(typearea)                or change papersize.

Package typearea Info: These are the values describing the layout:
(typearea)             DIV  = 13
(typearea)             BCOR = 0.0pt
(typearea)             \paperwidth      = 597.50793pt
(typearea)              \textwidth      = 459.6215pt
(typearea)              DIV departure   = -17%
(typearea)              \evensidemargin = 19.6543pt
(typearea)              \oddsidemargin  = -26.30785pt
(typearea)             \paperheight     = 845.04694pt
(typearea)              \textheight     = 650.20029pt
(typearea)              \topmargin      = -44.6664pt
(typearea)              \headheight     = 17.0pt
(typearea)              \headsep        = 20.40001pt
(typearea)              \topskip        = 11.0pt
(typearea)              \footskip       = 47.6pt
(typearea)              \baselineskip   = 13.6pt
(typearea)              on input line 1719.
) (/usr/share/texlive/texmf-dist/tex/generic/xypic/xy.sty
(/usr/share/texlive/texmf-dist/tex/generic/xypic/xy.tex Bootstrap'ing:
catcodes, docmode, (/usr/share/texlive/texmf-dist/tex/generic/xypic/xyrecat.tex
) (/usr/share/texlive/texmf-dist/tex/generic/xypic/xyidioms.tex)

 Xy-pic version 3.8.9 <2013/10/06>
 Copyright (c) 1991-2013 by Kristoffer H. Rose <krisrose@tug.org> and others
 Xy-pic is free software: see the User's Guide for details.

Loading kernel: messages; fonts; allocations: state,
\X@c=\dimen315
\Y@c=\dimen316
\U@c=\dimen317
\D@c=\dimen318
\L@c=\dimen319
\R@c=\dimen320
\Edge@c=\toks29
\X@p=\dimen321
\Y@p=\dimen322
\U@p=\dimen323
\D@p=\dimen324
\L@p=\dimen325
\R@p=\dimen326
\Edge@p=\toks30
\X@origin=\dimen327
\Y@origin=\dimen328
\X@xbase=\dimen329
\Y@xbase=\dimen330
\X@ybase=\dimen331
\Y@ybase=\dimen332
\X@min=\dimen333
\Y@min=\dimen334
\X@max=\dimen335
\Y@max=\dimen336
\lastobjectbox@=\box55
\zerodotbox@=\box56
\almostz@=\dimen337
 direction,
\d@X=\dimen338
\d@Y=\dimen339
\K@=\count278
\KK@=\count279
\Direction=\count280
\K@dXdY=\dimen340
\K@dYdX=\dimen341
\xyread@=\read2
\xywrite@=\write3
\csp@=\count281
\quotPTK@=\dimen342

utility macros; pictures: \xy, positions,
\swaptoks@@=\toks31
\connectobjectbox@@=\box57
 objects,
\styletoks@=\toks32
 decorations;
kernel objects: directionals, circles, text; options; algorithms: directions,
edges, connections;  Xy-pic loaded)
(/usr/share/texlive/texmf-dist/tex/generic/iftex/ifpdf.sty
Package: ifpdf 2019/10/25 v3.4 ifpdf legacy package. Use iftex instead.
)
Package: xy 2013/10/06 Xy-pic version 3.8.9

(/usr/share/texlive/texmf-dist/tex/generic/xypic/xycmtip.tex
 Xy-pic option: Computer Modern tip extension v.3.7
(/usr/share/texlive/texmf-dist/tex/generic/xypic/xytips.tex
 Xy-pic option: More Tips extension v.3.11 loaded) loaded)
(/usr/share/texlive/texmf-dist/tex/generic/xypic/xyall.tex
 Xy-pic option: All features v.3.8
(/usr/share/texlive/texmf-dist/tex/generic/xypic/xycurve.tex
 Xy-pic option: Curve and Spline extension v.3.12 curve,
\crv@cnt@=\count282
\crvpts@=\toks33
\splinebox@=\box58
\splineval@=\dimen343
\splinedepth@=\dimen344
\splinetol@=\dimen345
\splinelength@=\dimen346
 circles,
\L@=\dimen347
 loaded)
(/usr/share/texlive/texmf-dist/tex/generic/xypic/xyframe.tex
 Xy-pic option: Frame and Bracket extension v.3.14 loaded)
(/usr/share/texlive/texmf-dist/tex/generic/xypic/xyline.tex
 Xy-pic option: Line styles extension v.3.10
\xylinethick@=\dimen348
 loaded)
(/usr/share/texlive/texmf-dist/tex/generic/xypic/xyrotate.tex
 Xy-pic option: Rotate and Scale extension v.3.8 loaded)
(/usr/share/texlive/texmf-dist/tex/generic/xypic/xycolor.tex
 Xy-pic option: Colour extension v.3.11 loaded)
(/usr/share/texlive/texmf-dist/tex/generic/xypic/xymatrix.tex
 Xy-pic option: Matrix feature v.3.14
\Row=\count283
\Col=\count284
\queue@=\toks34
\queue@@=\toks35
\qcount@=\count285
\qcount@@=\count286
\matrixsize@=\count287
 loaded)
(/usr/share/texlive/texmf-dist/tex/generic/xypic/xyarrow.tex
 Xy-pic option: Arrow and Path feature v.3.9 path, \ar, loaded)
(/usr/share/texlive/texmf-dist/tex/generic/xypic/xygraph.tex
 Xy-pic option: Graph feature v.3.11 loaded) loaded)
(/usr/share/texlive/texmf-dist/tex/generic/xypic/xypdf.tex
 Xy-pic option: PDF driver v.1.7 Xy-pic pdf driver: `color' extension support
(/usr/share/texlive/texmf-dist/tex/generic/xypic/xypdf-co.tex loaded)
Xy-pic pdf driver: `curve' extension support
(/usr/share/texlive/texmf-dist/tex/generic/xypic/xypdf-cu.tex loaded)
Xy-pic pdf driver: `frame' extension support
(/usr/share/texlive/texmf-dist/tex/generic/xypic/xypdf-fr.tex loaded)
Xy-pic pdf driver: `line' extension support
(/usr/share/texlive/texmf-dist/tex/generic/xypic/xypdf-li.tex loaded)
Xy-pic pdf driver: `rotate' extension support
(/usr/share/texlive/texmf-dist/tex/generic/xypic/xypdf-ro.tex loaded) loaded))
(/usr/share/texlive/texmf-dist/tex/latex/pgf/frontendlayer/tikz.sty
(/usr/share/texlive/texmf-dist/tex/latex/pgf/basiclayer/pgf.sty
(/usr/share/texlive/texmf-dist/tex/latex/pgf/utilities/pgfrcs.sty
(/usr/share/texlive/texmf-dist/tex/generic/pgf/utilities/pgfutil-common.tex
\pgfutil@everybye=\toks36
\pgfutil@tempdima=\dimen349
\pgfutil@tempdimb=\dimen350

(/usr/share/texlive/texmf-dist/tex/generic/pgf/utilities/pgfutil-common-lists.t
ex)) (/usr/share/texlive/texmf-dist/tex/generic/pgf/utilities/pgfutil-latex.def
\pgfutil@abb=\box59
(/usr/share/texlive/texmf-dist/tex/latex/ms/everyshi.sty
Package: everyshi 2001/05/15 v3.00 EveryShipout Package (MS)
))
(/usr/share/texlive/texmf-dist/tex/generic/pgf/utilities/pgfrcs.code.tex
(/usr/share/texlive/texmf-dist/tex/generic/pgf/pgf.revision.tex)
Package: pgfrcs 2020/01/08 v3.1.5b (3.1.5b)
))
Package: pgf 2020/01/08 v3.1.5b (3.1.5b)

(/usr/share/texlive/texmf-dist/tex/latex/pgf/basiclayer/pgfcore.sty
(/usr/share/texlive/texmf-dist/tex/latex/pgf/systemlayer/pgfsys.sty
(/usr/share/texlive/texmf-dist/tex/generic/pgf/systemlayer/pgfsys.code.tex
Package: pgfsys 2020/01/08 v3.1.5b (3.1.5b)

(/usr/share/texlive/texmf-dist/tex/generic/pgf/utilities/pgfkeys.code.tex
\pgfkeys@pathtoks=\toks37
\pgfkeys@temptoks=\toks38

(/usr/share/texlive/texmf-dist/tex/generic/pgf/utilities/pgfkeysfiltered.code.t
ex
\pgfkeys@tmptoks=\toks39
))
\pgf@x=\dimen351
\pgf@y=\dimen352
\pgf@xa=\dimen353
\pgf@ya=\dimen354
\pgf@xb=\dimen355
\pgf@yb=\dimen356
\pgf@xc=\dimen357
\pgf@yc=\dimen358
\pgf@xd=\dimen359
\pgf@yd=\dimen360
\w@pgf@writea=\write4
\r@pgf@reada=\read3
\c@pgf@counta=\count288
\c@pgf@countb=\count289
\c@pgf@countc=\count290
\c@pgf@countd=\count291
\t@pgf@toka=\toks40
\t@pgf@tokb=\toks41
\t@pgf@tokc=\toks42
\pgf@sys@id@count=\count292
 (/usr/share/texlive/texmf-dist/tex/generic/pgf/systemlayer/pgf.cfg
File: pgf.cfg 2020/01/08 v3.1.5b (3.1.5b)
)
Driver file for pgf: pgfsys-pdftex.def

(/usr/share/texlive/texmf-dist/tex/generic/pgf/systemlayer/pgfsys-pdftex.def
File: pgfsys-pdftex.def 2020/01/08 v3.1.5b (3.1.5b)

(/usr/share/texlive/texmf-dist/tex/generic/pgf/systemlayer/pgfsys-common-pdf.de
f
File: pgfsys-common-pdf.def 2020/01/08 v3.1.5b (3.1.5b)
)))
(/usr/share/texlive/texmf-dist/tex/generic/pgf/systemlayer/pgfsyssoftpath.code.
tex
File: pgfsyssoftpath.code.tex 2020/01/08 v3.1.5b (3.1.5b)
\pgfsyssoftpath@smallbuffer@items=\count293
\pgfsyssoftpath@bigbuffer@items=\count294
)
(/usr/share/texlive/texmf-dist/tex/generic/pgf/systemlayer/pgfsysprotocol.code.
tex
File: pgfsysprotocol.code.tex 2020/01/08 v3.1.5b (3.1.5b)
))
(/usr/share/texlive/texmf-dist/tex/generic/pgf/basiclayer/pgfcore.code.tex
Package: pgfcore 2020/01/08 v3.1.5b (3.1.5b)

(/usr/share/texlive/texmf-dist/tex/generic/pgf/math/pgfmath.code.tex
(/usr/share/texlive/texmf-dist/tex/generic/pgf/math/pgfmathcalc.code.tex
(/usr/share/texlive/texmf-dist/tex/generic/pgf/math/pgfmathutil.code.tex)
(/usr/share/texlive/texmf-dist/tex/generic/pgf/math/pgfmathparser.code.tex
\pgfmath@dimen=\dimen361
\pgfmath@count=\count295
\pgfmath@box=\box60
\pgfmath@toks=\toks43
\pgfmath@stack@operand=\toks44
\pgfmath@stack@operation=\toks45
)
(/usr/share/texlive/texmf-dist/tex/generic/pgf/math/pgfmathfunctions.code.tex
(/usr/share/texlive/texmf-dist/tex/generic/pgf/math/pgfmathfunctions.basic.code
.tex)
(/usr/share/texlive/texmf-dist/tex/generic/pgf/math/pgfmathfunctions.trigonomet
ric.code.tex)
(/usr/share/texlive/texmf-dist/tex/generic/pgf/math/pgfmathfunctions.random.cod
e.tex)
(/usr/share/texlive/texmf-dist/tex/generic/pgf/math/pgfmathfunctions.comparison
.code.tex)
(/usr/share/texlive/texmf-dist/tex/generic/pgf/math/pgfmathfunctions.base.code.
tex)
(/usr/share/texlive/texmf-dist/tex/generic/pgf/math/pgfmathfunctions.round.code
.tex)
(/usr/share/texlive/texmf-dist/tex/generic/pgf/math/pgfmathfunctions.misc.code.
tex)
(/usr/share/texlive/texmf-dist/tex/generic/pgf/math/pgfmathfunctions.integerari
thmetics.code.tex)))
(/usr/share/texlive/texmf-dist/tex/generic/pgf/math/pgfmathfloat.code.tex
\c@pgfmathroundto@lastzeros=\count296
))
(/usr/share/texlive/texmf-dist/tex/generic/pgf/math/pgfint.code.tex)
(/usr/share/texlive/texmf-dist/tex/generic/pgf/basiclayer/pgfcorepoints.code.te
x
File: pgfcorepoints.code.tex 2020/01/08 v3.1.5b (3.1.5b)
\pgf@picminx=\dimen362
\pgf@picmaxx=\dimen363
\pgf@picminy=\dimen364
\pgf@picmaxy=\dimen365
\pgf@pathminx=\dimen366
\pgf@pathmaxx=\dimen367
\pgf@pathminy=\dimen368
\pgf@pathmaxy=\dimen369
\pgf@xx=\dimen370
\pgf@xy=\dimen371
\pgf@yx=\dimen372
\pgf@yy=\dimen373
\pgf@zx=\dimen374
\pgf@zy=\dimen375
)
(/usr/share/texlive/texmf-dist/tex/generic/pgf/basiclayer/pgfcorepathconstruct.
code.tex
File: pgfcorepathconstruct.code.tex 2020/01/08 v3.1.5b (3.1.5b)
\pgf@path@lastx=\dimen376
\pgf@path@lasty=\dimen377
)
(/usr/share/texlive/texmf-dist/tex/generic/pgf/basiclayer/pgfcorepathusage.code
.tex
File: pgfcorepathusage.code.tex 2020/01/08 v3.1.5b (3.1.5b)
\pgf@shorten@end@additional=\dimen378
\pgf@shorten@start@additional=\dimen379
)
(/usr/share/texlive/texmf-dist/tex/generic/pgf/basiclayer/pgfcorescopes.code.te
x
File: pgfcorescopes.code.tex 2020/01/08 v3.1.5b (3.1.5b)
\pgfpic=\box61
\pgf@hbox=\box62
\pgf@layerbox@main=\box63
\pgf@picture@serial@count=\count297
)
(/usr/share/texlive/texmf-dist/tex/generic/pgf/basiclayer/pgfcoregraphicstate.c
ode.tex
File: pgfcoregraphicstate.code.tex 2020/01/08 v3.1.5b (3.1.5b)
\pgflinewidth=\dimen380
)
(/usr/share/texlive/texmf-dist/tex/generic/pgf/basiclayer/pgfcoretransformation
s.code.tex
File: pgfcoretransformations.code.tex 2020/01/08 v3.1.5b (3.1.5b)
\pgf@pt@x=\dimen381
\pgf@pt@y=\dimen382
\pgf@pt@temp=\dimen383
)
(/usr/share/texlive/texmf-dist/tex/generic/pgf/basiclayer/pgfcorequick.code.tex
File: pgfcorequick.code.tex 2020/01/08 v3.1.5b (3.1.5b)
)
(/usr/share/texlive/texmf-dist/tex/generic/pgf/basiclayer/pgfcoreobjects.code.t
ex
File: pgfcoreobjects.code.tex 2020/01/08 v3.1.5b (3.1.5b)
)
(/usr/share/texlive/texmf-dist/tex/generic/pgf/basiclayer/pgfcorepathprocessing
.code.tex
File: pgfcorepathprocessing.code.tex 2020/01/08 v3.1.5b (3.1.5b)
)
(/usr/share/texlive/texmf-dist/tex/generic/pgf/basiclayer/pgfcorearrows.code.te
x
File: pgfcorearrows.code.tex 2020/01/08 v3.1.5b (3.1.5b)
\pgfarrowsep=\dimen384
)
(/usr/share/texlive/texmf-dist/tex/generic/pgf/basiclayer/pgfcoreshade.code.tex
File: pgfcoreshade.code.tex 2020/01/08 v3.1.5b (3.1.5b)
\pgf@max=\dimen385
\pgf@sys@shading@range@num=\count298
\pgf@shadingcount=\count299
)
(/usr/share/texlive/texmf-dist/tex/generic/pgf/basiclayer/pgfcoreimage.code.tex
File: pgfcoreimage.code.tex 2020/01/08 v3.1.5b (3.1.5b)

(/usr/share/texlive/texmf-dist/tex/generic/pgf/basiclayer/pgfcoreexternal.code.
tex
File: pgfcoreexternal.code.tex 2020/01/08 v3.1.5b (3.1.5b)
\pgfexternal@startupbox=\box64
))
(/usr/share/texlive/texmf-dist/tex/generic/pgf/basiclayer/pgfcorelayers.code.te
x
File: pgfcorelayers.code.tex 2020/01/08 v3.1.5b (3.1.5b)
)
(/usr/share/texlive/texmf-dist/tex/generic/pgf/basiclayer/pgfcoretransparency.c
ode.tex
File: pgfcoretransparency.code.tex 2020/01/08 v3.1.5b (3.1.5b)
)
(/usr/share/texlive/texmf-dist/tex/generic/pgf/basiclayer/pgfcorepatterns.code.
tex
File: pgfcorepatterns.code.tex 2020/01/08 v3.1.5b (3.1.5b)
)
(/usr/share/texlive/texmf-dist/tex/generic/pgf/basiclayer/pgfcorerdf.code.tex
File: pgfcorerdf.code.tex 2020/01/08 v3.1.5b (3.1.5b)
)))
(/usr/share/texlive/texmf-dist/tex/generic/pgf/modules/pgfmoduleshapes.code.tex
File: pgfmoduleshapes.code.tex 2020/01/08 v3.1.5b (3.1.5b)
\pgfnodeparttextbox=\box65
) (/usr/share/texlive/texmf-dist/tex/generic/pgf/modules/pgfmoduleplot.code.tex
File: pgfmoduleplot.code.tex 2020/01/08 v3.1.5b (3.1.5b)
)
(/usr/share/texlive/texmf-dist/tex/latex/pgf/compatibility/pgfcomp-version-0-65
.sty
Package: pgfcomp-version-0-65 2020/01/08 v3.1.5b (3.1.5b)
\pgf@nodesepstart=\dimen386
\pgf@nodesepend=\dimen387
)
(/usr/share/texlive/texmf-dist/tex/latex/pgf/compatibility/pgfcomp-version-1-18
.sty
Package: pgfcomp-version-1-18 2020/01/08 v3.1.5b (3.1.5b)
)) (/usr/share/texlive/texmf-dist/tex/latex/pgf/utilities/pgffor.sty
(/usr/share/texlive/texmf-dist/tex/latex/pgf/utilities/pgfkeys.sty
(/usr/share/texlive/texmf-dist/tex/generic/pgf/utilities/pgfkeys.code.tex))
(/usr/share/texlive/texmf-dist/tex/latex/pgf/math/pgfmath.sty
(/usr/share/texlive/texmf-dist/tex/generic/pgf/math/pgfmath.code.tex))
(/usr/share/texlive/texmf-dist/tex/generic/pgf/utilities/pgffor.code.tex
Package: pgffor 2020/01/08 v3.1.5b (3.1.5b)

(/usr/share/texlive/texmf-dist/tex/generic/pgf/math/pgfmath.code.tex)
\pgffor@iter=\dimen388
\pgffor@skip=\dimen389
\pgffor@stack=\toks46
\pgffor@toks=\toks47
))
(/usr/share/texlive/texmf-dist/tex/generic/pgf/frontendlayer/tikz/tikz.code.tex
Package: tikz 2020/01/08 v3.1.5b (3.1.5b)

(/usr/share/texlive/texmf-dist/tex/generic/pgf/libraries/pgflibraryplothandlers
.code.tex
File: pgflibraryplothandlers.code.tex 2020/01/08 v3.1.5b (3.1.5b)
\pgf@plot@mark@count=\count300
\pgfplotmarksize=\dimen390
)
\tikz@lastx=\dimen391
\tikz@lasty=\dimen392
\tikz@lastxsaved=\dimen393
\tikz@lastysaved=\dimen394
\tikz@lastmovetox=\dimen395
\tikz@lastmovetoy=\dimen396
\tikzleveldistance=\dimen397
\tikzsiblingdistance=\dimen398
\tikz@figbox=\box66
\tikz@figbox@bg=\box67
\tikz@tempbox=\box68
\tikz@tempbox@bg=\box69
\tikztreelevel=\count301
\tikznumberofchildren=\count302
\tikznumberofcurrentchild=\count303
\tikz@fig@count=\count304

(/usr/share/texlive/texmf-dist/tex/generic/pgf/modules/pgfmodulematrix.code.tex
File: pgfmodulematrix.code.tex 2020/01/08 v3.1.5b (3.1.5b)
\pgfmatrixcurrentrow=\count305
\pgfmatrixcurrentcolumn=\count306
\pgf@matrix@numberofcolumns=\count307
)
\tikz@expandcount=\count308

(/usr/share/texlive/texmf-dist/tex/generic/pgf/frontendlayer/tikz/libraries/tik
zlibrarytopaths.code.tex
File: tikzlibrarytopaths.code.tex 2020/01/08 v3.1.5b (3.1.5b)
)))
(/usr/share/texlive/texmf-dist/tex/latex/braids/braids.sty
Package: braids 2011/10/18 v1.1 Tikz/PGF commands for drawing braid diagrams


Package braids Warning: This package has been reimplemented as a TikZ library; 
if starting with a fresh document, please consider using that instead. on input
 line 19.

\braid@width=\dimen399
\braid@height=\dimen400
\braid@tx=\dimen401
\braid@ty=\dimen402
\braid@nx=\dimen403
\braid@ny=\dimen404
\braid@cy=\dimen405
\braid@dy=\dimen406
\braid@eh=\dimen407
\c@braid@level=\count309
\c@braid@strands=\count310
) (/usr/share/texlive/texmf-dist/tex/latex/tabu/tabu.sty
Package: tabu 2019/01/11 v2.9 - flexible LaTeX tabulars (FC+tabu-fixed) + inter
mediate FMi

(/usr/share/texlive/texmf-dist/tex/latex/tools/array.sty
Package: array 2019/08/31 v2.4l Tabular extension package (FMi)
\col@sep=\dimen408
\ar@mcellbox=\box70
\extrarowheight=\dimen409
\NC@list=\toks48
\extratabsurround=\skip76
\backup@length=\skip77
\ar@cellbox=\box71
)
(/usr/share/texlive/texmf-dist/tex/latex/varwidth/varwidth.sty
Package: varwidth 2009/03/30 ver 0.92;  Variable-width minipages
\@vwid@box=\box72
\sift@deathcycles=\count311
\@vwid@loff=\dimen410
\@vwid@roff=\dimen411
)
\c@taburow=\count312
\tabu@nbcols=\count313
\tabu@cnt=\count314
\tabu@Xcol=\count315
\tabu@alloc=\count316
\tabu@nested=\count317
\tabu@target=\dimen412
\tabu@spreadtarget=\dimen413
\tabu@naturalX=\dimen414
\tabucolX=\dimen415
\tabu@Xsum=\dimen416
\extrarowdepth=\dimen417
\abovetabulinesep=\dimen418
\belowtabulinesep=\dimen419
\tabustrutrule=\dimen420
\tabu@thebody=\toks49
\tabu@footnotes=\toks50
\tabu@box=\box73
\tabu@arstrutbox=\box74
\tabu@hleads=\box75
\tabu@vleads=\box76
\tabu@cellskip=\skip78
)
(/usr/share/texlive/texmf-dist/tex/latex/blindtext/blindtext.sty
Package: blindtext 2012/01/06 V2.0 blindtext-Package

(/usr/share/texlive/texmf-dist/tex/latex/tools/xspace.sty
Package: xspace 2014/10/28 v1.13 Space after command names (DPC,MH)
)
\c@blindtext=\count318
\c@Blindtext=\count319
\c@blind@countparstart=\count320
\blind@countxx=\count321
\blindtext@numBlindtext=\count322
\blind@countyy=\count323
\c@blindlist=\count324
\c@blindlistlevel=\count325
\c@blindlist@level=\count326
\blind@listitem=\count327
\c@blind@listcount=\count328
\c@blind@levelcount=\count329
\blind@mathformula=\count330
\blind@Mathformula=\count331
\c@blind@randomcount=\count332
\c@blind@randommax=\count333
\c@blind@pangramcount=\count334
\c@blind@pangrammax=\count335
)
(/usr/share/texlive/texmf-dist/tex/generic/pgf/frontendlayer/tikz/libraries/tik
zlibrarymatrix.code.tex
File: tikzlibrarymatrix.code.tex 2020/01/08 v3.1.5b (3.1.5b)
)
(/usr/share/texlive/texmf-dist/tex/generic/pgf/frontendlayer/tikz/libraries/tik
zlibrarycalc.code.tex
File: tikzlibrarycalc.code.tex 2020/01/08 v3.1.5b (3.1.5b)
)
(/usr/share/texlive/texmf-dist/tex/latex/listings/listings.sty
\lst@mode=\count336
\lst@gtempboxa=\box77
\lst@token=\toks51
\lst@length=\count337
\lst@currlwidth=\dimen421
\lst@column=\count338
\lst@pos=\count339
\lst@lostspace=\dimen422
\lst@width=\dimen423
\lst@newlines=\count340
\lst@lineno=\count341
\lst@maxwidth=\dimen424

(/usr/share/texlive/texmf-dist/tex/latex/listings/lstmisc.sty
File: lstmisc.sty 2019/09/10 1.8c (Carsten Heinz)
\c@lstnumber=\count342
\lst@skipnumbers=\count343
\lst@framebox=\box78
)
(/usr/share/texlive/texmf-dist/tex/latex/listings/listings.cfg
File: listings.cfg 2019/09/10 1.8c listings configuration
))
Package: listings 2019/09/10 1.8c (Carsten Heinz)

(/usr/share/texlive/texmf-dist/tex/latex/listings/lstlang1.sty
File: lstlang1.sty 2019/09/10 1.8c listings language file
)
(/usr/share/texlive/texmf-dist/tex/latex/listings/lstlang2.sty
File: lstlang2.sty 2019/09/10 1.8c listings language file
)
(/usr/share/texlive/texmf-dist/tex/latex/tikz-qtree/tikz-qtree.sty
(/usr/share/texlive/texmf-dist/tex/latex/tikz-qtree/pgftree.sty
(/usr/share/texlive/texmf-dist/tex/latex/tikz-qtree/pgfsubpic.sty
(/usr/share/texlive/texmf-dist/tex/latex/tikz-qtree/pgfsubpic.tex
\pgf@subpicminx=\dimen425
\pgf@subpicminy=\dimen426
\pgf@subpicmaxx=\dimen427
\pgf@subpicmaxy=\dimen428
))
(/usr/share/texlive/texmf-dist/tex/latex/tikz-qtree/pgftree.tex
\levelsep=\dimen429
\subtreesep=\dimen430
\smuggle@levelsep=\dimen431
\smuggle@subtreesep=\dimen432
\this@levelsep=\dimen433
\this@subtreesep=\dimen434
\pgftree@childx=\dimen435
\pgftree@savechildx=\dimen436
\pgftree@childy=\dimen437
\pgftree@savechildy=\dimen438
\pgftree@childi=\count344
\pgftree@savechildi=\count345
\pgftree@level=\count346
\pgftree@depth=\dimen439
\pgf@subpic@hbox@children=\box79
\pgf@subpic@minx@children=\dimen440
\pgf@subpic@miny@children=\dimen441
\pgf@subpic@maxx@children=\dimen442
\pgf@subpic@maxy@children=\dimen443
\pgftree@lastchildx=\dimen444
\pgftree@lastchildy=\dimen445
))
(/usr/share/texlive/texmf-dist/tex/latex/tikz-qtree/tikz-qtree.tex
\@result=\toks52
\child@list=\toks53
\root@node=\toks54
))
\c@Thm=\count347
\c@theorem=\count348


Package amsthm Warning: Unknown theoremstyle `Rem' on input line 39.

(/usr/share/texlive/texmf-dist/tex/latex/l3backend/l3backend-pdfmode.def
File: l3backend-pdfmode.def 2020-02-03 L3 backend support: PDF mode
\l__kernel_color_stack_int=\count349
\l__pdf_internal_box=\box80
)
(./thesis.aux

LaTeX Warning: Label `alpha' multiply defined.


LaTeX Warning: Label `alpha@cref' multiply defined.

)
\openout1 = `thesis.aux'.

LaTeX Font Info:    Checking defaults for OML/cmm/m/it on input line 138.
LaTeX Font Info:    ... okay on input line 138.
LaTeX Font Info:    Checking defaults for OMS/cmsy/m/n on input line 138.
LaTeX Font Info:    ... okay on input line 138.
LaTeX Font Info:    Checking defaults for OT1/cmr/m/n on input line 138.
LaTeX Font Info:    ... okay on input line 138.
LaTeX Font Info:    Checking defaults for T1/cmr/m/n on input line 138.
LaTeX Font Info:    ... okay on input line 138.
LaTeX Font Info:    Checking defaults for TS1/cmr/m/n on input line 138.
LaTeX Font Info:    ... okay on input line 138.
LaTeX Font Info:    Checking defaults for OMX/cmex/m/n on input line 138.
LaTeX Font Info:    ... okay on input line 138.
LaTeX Font Info:    Checking defaults for U/cmr/m/n on input line 138.
LaTeX Font Info:    ... okay on input line 138.
LaTeX Font Info:    Checking defaults for PD1/pdf/m/n on input line 138.
LaTeX Font Info:    ... okay on input line 138.
\AtBeginShipoutBox=\box81
Package hyperref Info: Link coloring OFF on input line 138.
 (/usr/share/texlive/texmf-dist/tex/latex/hyperref/nameref.sty
Package: nameref 2019/09/16 v2.46 Cross-referencing by name of section

(/usr/share/texlive/texmf-dist/tex/latex/refcount/refcount.sty
Package: refcount 2019/12/15 v3.6 Data extraction from label references (HO)
)
(/usr/share/texlive/texmf-dist/tex/generic/gettitlestring/gettitlestring.sty
Package: gettitlestring 2019/12/15 v1.6 Cleanup title references (HO)
)
\c@section@level=\count350
)
LaTeX Info: Redefining \ref on input line 138.
LaTeX Info: Redefining \pageref on input line 138.
LaTeX Info: Redefining \nameref on input line 138.

(./thesis.out) (./thesis.out)
\@outlinefile=\write5
\openout5 = `thesis.out'.


(/usr/share/texlive/texmf-dist/tex/context/base/mkii/supp-pdf.mkii
[Loading MPS to PDF converter (version 2006.09.02).]
\scratchcounter=\count351
\scratchdimen=\dimen446
\scratchbox=\box82
\nofMPsegments=\count352
\nofMParguments=\count353
\everyMPshowfont=\toks55
\MPscratchCnt=\count354
\MPscratchDim=\dimen447
\MPnumerator=\count355
\makeMPintoPDFobject=\count356
\everyMPtoPDFconversion=\toks56
) (/usr/share/texlive/texmf-dist/tex/latex/epstopdf-pkg/epstopdf-base.sty
Package: epstopdf-base 2020-01-24 v2.11 Base part for package epstopdf
Package epstopdf-base Info: Redefining graphics rule for `.eps' on input line 4
85.

(/usr/share/texlive/texmf-dist/tex/latex/latexconfig/epstopdf-sys.cfg
File: epstopdf-sys.cfg 2010/07/13 v1.3 Configuration of (r)epstopdf for TeX Liv
e
))
LaTeX Font Info:    Trying to load font information for U+stmry on input line 1
38.

(/usr/share/texlive/texmf-dist/tex/latex/stmaryrd/Ustmry.fd)
LaTeX Font Info:    Trying to load font information for U+msa on input line 138
.

(/usr/share/texlive/texmf-dist/tex/latex/amsfonts/umsa.fd
File: umsa.fd 2013/01/14 v3.01 AMS symbols A
)
LaTeX Font Info:    Trying to load font information for U+msb on input line 138
.

(/usr/share/texlive/texmf-dist/tex/latex/amsfonts/umsb.fd
File: umsb.fd 2013/01/14 v3.01 AMS symbols B
)
LaTeX Font Info:    Trying to load font information for U+rsfs on input line 13
8.

(/usr/share/texlive/texmf-dist/tex/latex/jknapltx/ursfs.fd
File: ursfs.fd 1998/03/24 rsfs font definition file (jk)
)
Package xypdf Info: Line width: 0.43799pt on input line 138.

ABD: EveryShipout initializing macros
\c@lstlisting=\count357


LaTeX Warning: No \author given.

[1


{/var/lib/texmf/fonts/map/pdftex/updmap/pdftex.map}] [2

] (./thesis.toc)
\tf@toc=\write6
\openout6 = `thesis.toc'.


[3] [4

]
Chapter 1.
[5] [6

]
Chapter 2.
<xymatrix 4x3 247> [7] <xymatrix 3x2 145> <xymatrix 3x3 284> <xymatrix 2x2
182> [8]
Package epstopdf Info: Source file: <./pics/morphnew.eps>
(epstopdf)                    date: 2020-09-28 17:29:49
(epstopdf)                    size: 12818 bytes
(epstopdf)             Output file: <./pics/morphnew-eps-converted-to.pdf>
(epstopdf)                    date: 2020-09-28 17:29:52
(epstopdf)                    size: 7261 bytes
(epstopdf)             Command: <repstopdf --outfile=./pics/morphnew-eps-conver
ted-to.pdf ./pics/morphnew.eps>
(epstopdf)             \includegraphics on input line 272.
Package epstopdf Info: Output file is already uptodate.
<./pics/morphnew-eps-converted-to.pdf, id=242, 125.46875pt x 196.735pt>
File: ./pics/morphnew-eps-converted-to.pdf Graphic file (type pdf)
<use ./pics/morphnew-eps-converted-to.pdf>
Package pdftex.def Info: ./pics/morphnew-eps-converted-to.pdf  used on input li
ne 272.
(pdftex.def)             Requested size: 68.94041pt x 108.1025pt.
Package epstopdf Info: Source file: <./pics/morphism.eps>
(epstopdf)                    date: 2020-09-22 12:43:06
(epstopdf)                    size: 11641 bytes
(epstopdf)             Output file: <./pics/morphism-eps-converted-to.pdf>
(epstopdf)                    date: 2020-09-22 12:44:33
(epstopdf)                    size: 6733 bytes
(epstopdf)             Command: <repstopdf --outfile=./pics/morphism-eps-conver
ted-to.pdf ./pics/morphism.eps>
(epstopdf)             \includegraphics on input line 277.
Package epstopdf Info: Output file is already uptodate.
<./pics/morphism-eps-converted-to.pdf, id=243, 35.13126pt x 194.7275pt>
File: ./pics/morphism-eps-converted-to.pdf Graphic file (type pdf)
<use ./pics/morphism-eps-converted-to.pdf>
Package pdftex.def Info: ./pics/morphism-eps-converted-to.pdf  used on input li
ne 277.
(pdftex.def)             Requested size: 18.38176pt x 101.88582pt.
Package epstopdf Info: Source file: <./pics/tensor.eps>
(epstopdf)                    date: 2020-09-22 12:41:30
(epstopdf)                    size: 13343 bytes
(epstopdf)             Output file: <./pics/tensor-eps-converted-to.pdf>
(epstopdf)                    date: 2020-09-22 12:44:33
(epstopdf)                    size: 7476 bytes
(epstopdf)             Command: <repstopdf --outfile=./pics/tensor-eps-converte
d-to.pdf ./pics/tensor.eps>
(epstopdf)             \includegraphics on input line 282.
Package epstopdf Info: Output file is already uptodate.
<./pics/tensor-eps-converted-to.pdf, id=244, 103.38625pt x 196.735pt>
File: ./pics/tensor-eps-converted-to.pdf Graphic file (type pdf)
<use ./pics/tensor-eps-converted-to.pdf>
Package pdftex.def Info: ./pics/tensor-eps-converted-to.pdf  used on input line
 282.
(pdftex.def)             Requested size: 45.96495pt x 87.46724pt.
 [9 <./pics/morphnew-eps-converted-to.pdf> <./pics/morphism-eps-converted-to.pd
f> <./pics/tensor-eps-converted-to.pdf>]
Package epstopdf Info: Source file: <./pics/duals.eps>
(epstopdf)                    date: 2020-08-05 16:48:12
(epstopdf)                    size: 9005 bytes
(epstopdf)             Output file: <./pics/duals-eps-converted-to.pdf>
(epstopdf)                    date: 2020-08-05 16:48:15
(epstopdf)                    size: 5916 bytes
(epstopdf)             Command: <repstopdf --outfile=./pics/duals-eps-converted
-to.pdf ./pics/duals.eps>
(epstopdf)             \includegraphics on input line 292.
Package epstopdf Info: Output file is already uptodate.
<./pics/duals-eps-converted-to.pdf, id=271, 217.81375pt x 76.285pt>
File: ./pics/duals-eps-converted-to.pdf Graphic file (type pdf)
<use ./pics/duals-eps-converted-to.pdf>
Package pdftex.def Info: ./pics/duals-eps-converted-to.pdf  used on input line 
292.
(pdftex.def)             Requested size: 183.8458pt x 64.38858pt.
Package epstopdf Info: Source file: <./pics/snake.eps>
(epstopdf)                    date: 2020-08-05 16:30:00
(epstopdf)                    size: 13269 bytes
(epstopdf)             Output file: <./pics/snake-eps-converted-to.pdf>
(epstopdf)                    date: 2020-08-05 16:30:05
(epstopdf)                    size: 7182 bytes
(epstopdf)             Command: <repstopdf --outfile=./pics/snake-eps-converted
-to.pdf ./pics/snake.eps>
(epstopdf)             \includegraphics on input line 297.
Package epstopdf Info: Output file is already uptodate.
<./pics/snake-eps-converted-to.pdf, id=272, 554.07pt x 205.76875pt>
File: ./pics/snake-eps-converted-to.pdf Graphic file (type pdf)
<use ./pics/snake-eps-converted-to.pdf>
Package pdftex.def Info: ./pics/snake-eps-converted-to.pdf  used on input line 
297.
(pdftex.def)             Requested size: 275.7757pt x 102.41629pt.

Underfull \hbox (badness 10000) in paragraph at lines 308--309

 []

Package epstopdf Info: Source file: <./pics/fdual.eps>
(epstopdf)                    date: 2020-09-28 17:37:28
(epstopdf)                    size: 11290 bytes
(epstopdf)             Output file: <./pics/fdual-eps-converted-to.pdf>
(epstopdf)                    date: 2020-09-28 17:41:21
(epstopdf)                    size: 6871 bytes
(epstopdf)             Command: <repstopdf --outfile=./pics/fdual-eps-converted
-to.pdf ./pics/fdual.eps>
(epstopdf)             \includegraphics on input line 315.
Package epstopdf Info: Output file is already uptodate.
<./pics/fdual-eps-converted-to.pdf, id=273, 132.495pt x 192.72pt>
File: ./pics/fdual-eps-converted-to.pdf Graphic file (type pdf)
<use ./pics/fdual-eps-converted-to.pdf>
Package pdftex.def Info: ./pics/fdual-eps-converted-to.pdf  used on input line 
315.
(pdftex.def)             Requested size: 68.94041pt x 100.27672pt.
[10 <./pics/duals-eps-converted-to.pdf> <./pics/snake-eps-converted-to.pdf> <./
pics/fdual-eps-converted-to.pdf>]
Package epstopdf Info: Source file: <./pics/dualcomposition.eps>
(epstopdf)                    date: 2020-09-28 17:41:16
(epstopdf)                    size: 19700 bytes
(epstopdf)             Output file: <./pics/dualcomposition-eps-converted-to.pd
f>
(epstopdf)                    date: 2020-09-28 17:41:21
(epstopdf)                    size: 9628 bytes
(epstopdf)             Command: <repstopdf --outfile=./pics/dualcomposition-eps
-converted-to.pdf ./pics/dualcomposition.eps>
(epstopdf)             \includegraphics on input line 354.
Package epstopdf Info: Output file is already uptodate.
<./pics/dualcomposition-eps-converted-to.pdf, id=304, 501.875pt x 256.96pt>
File: ./pics/dualcomposition-eps-converted-to.pdf Graphic file (type pdf)
<use ./pics/dualcomposition-eps-converted-to.pdf>
Package pdftex.def Info: ./pics/dualcomposition-eps-converted-to.pdf  used on i
nput line 354.
(pdftex.def)             Requested size: 229.81075pt x 117.66586pt.
 [11 <./pics/dualcomposition-eps-converted-to.pdf>]
Package epstopdf Info: Source file: <./pics/lefttrace.eps>
(epstopdf)                    date: 2020-08-05 16:13:53
(epstopdf)                    size: 8920 bytes
(epstopdf)             Output file: <./pics/lefttrace-eps-converted-to.pdf>
(epstopdf)                    date: 2020-08-05 16:14:00
(epstopdf)                    size: 5791 bytes
(epstopdf)             Command: <repstopdf --outfile=./pics/lefttrace-eps-conve
rted-to.pdf ./pics/lefttrace.eps>
(epstopdf)             \includegraphics on input line 389.
Package epstopdf Info: Output file is already uptodate.
<./pics/lefttrace-eps-converted-to.pdf, id=330, 79.29625pt x 179.67125pt>
File: ./pics/lefttrace-eps-converted-to.pdf Graphic file (type pdf)
<use ./pics/lefttrace-eps-converted-to.pdf>
Package pdftex.def Info: ./pics/lefttrace-eps-converted-to.pdf  used on input l
ine 389.
(pdftex.def)             Requested size: 36.77055pt x 83.31871pt.
Package epstopdf Info: Source file: <./pics/righttrace.eps>
(epstopdf)                    date: 2020-08-04 18:29:39
(epstopdf)                    size: 8922 bytes
(epstopdf)             Output file: <./pics/righttrace-eps-converted-to.pdf>
(epstopdf)                    date: 2020-08-04 18:29:45
(epstopdf)                    size: 5792 bytes
(epstopdf)             Command: <repstopdf --outfile=./pics/righttrace-eps-conv
erted-to.pdf ./pics/righttrace.eps>
(epstopdf)             \includegraphics on input line 397.
Package epstopdf Info: Output file is already uptodate.
<./pics/righttrace-eps-converted-to.pdf, id=331, 77.28876pt x 179.67125pt>
File: ./pics/righttrace-eps-converted-to.pdf Graphic file (type pdf)
<use ./pics/righttrace-eps-converted-to.pdf>
Package pdftex.def Info: ./pics/righttrace-eps-converted-to.pdf  used on input 
line 397.
(pdftex.def)             Requested size: 36.77055pt x 85.4818pt.
 [12 <./pics/lefttrace-eps-converted-to.pdf> <./pics/righttrace-eps-converted-t
o.pdf>]
Underfull \hbox (badness 10000) in paragraph at lines 436--438

 []

[13] [14] <xymatrix 3x3 243> <xymatrix 3x2 145> [15] <xymatrix 4x3 247>
[16] <xymatrix 3x2 149> <xymatrix 2x2 182> <xymatrix 2x2 182> [17]
Underfull \hbox (badness 10000) in paragraph at lines 621--622

 []

<xymatrix 3x3 243> [18] <xymatrix 2x2 182> <xymatrix 2x2 182> <xymatrix 3x2
231> [19] <xymatrix 3x4 371> [20] [21] <xymatrix 3x2 350> [22] [23] [24]
[25] <xymatrix 5x3 292> <xymatrix 5x3 292> <xymatrix 5x3 292> <xymatrix 5x3
292>
Package epstopdf Info: Source file: <./pics/braiding.eps>
(epstopdf)                    date: 2020-08-05 17:05:31
(epstopdf)                    size: 6141 bytes
(epstopdf)             Output file: <./pics/braiding-eps-converted-to.pdf>
(epstopdf)                    date: 2020-08-05 17:05:41
(epstopdf)                    size: 3968 bytes
(epstopdf)             Command: <repstopdf --outfile=./pics/braiding-eps-conver
ted-to.pdf ./pics/braiding.eps>
(epstopdf)             \includegraphics on input line 960.
Package epstopdf Info: Output file is already uptodate.
<./pics/braiding-eps-converted-to.pdf, id=571, 498.86375pt x 159.59625pt>
File: ./pics/braiding-eps-converted-to.pdf Graphic file (type pdf)
<use ./pics/braiding-eps-converted-to.pdf>
Package pdftex.def Info: ./pics/braiding-eps-converted-to.pdf  used on input li
ne 960.
(pdftex.def)             Requested size: 183.8458pt x 58.81589pt.
 [26] <xymatrix 2x2 182> [27 <./pics/braiding-eps-converted-to.pdf>]
LaTeX Font Info:    Trying to load font information for U+bbm on input line 102
0.

(/usr/share/texlive/texmf-dist/tex/latex/bbm-macros/ubbm.fd
File: ubbm.fd 1999/03/15 V 1.2 Font definition for bbm font - TH
)
Package epstopdf Info: Source file: <./pics/t-matrix.eps>
(epstopdf)                    date: 2020-08-05 17:46:57
(epstopdf)                    size: 5279 bytes
(epstopdf)             Output file: <./pics/t-matrix-eps-converted-to.pdf>
(epstopdf)                    date: 2020-08-05 17:47:05
(epstopdf)                    size: 3714 bytes
(epstopdf)             Command: <repstopdf --outfile=./pics/t-matrix-eps-conver
ted-to.pdf ./pics/t-matrix.eps>
(epstopdf)             \includegraphics on input line 1028.
Package epstopdf Info: Output file is already uptodate.
<./pics/t-matrix-eps-converted-to.pdf, id=607, 175.65625pt x 556.0775pt>
File: ./pics/t-matrix-eps-converted-to.pdf Graphic file (type pdf)
<use ./pics/t-matrix-eps-converted-to.pdf>
Package pdftex.def Info: ./pics/t-matrix-eps-converted-to.pdf  used on input li
ne 1028.
(pdftex.def)             Requested size: 45.96495pt x 145.51009pt.

Underfull \hbox (badness 10000) in paragraph at lines 1031--1032

 []

[28 <./pics/t-matrix-eps-converted-to.pdf>]
Underfull \hbox (badness 10000) in paragraph at lines 1037--1038

 []

<xymatrix 3x2 272> <xymatrix 3x2 272> <xymatrix 2x2 182> <xymatrix 3x2 272>
[29] <xymatrix 3x2 272> [30]

LaTeX Warning: Command \j invalid in math mode on input line 1131.


LaTeX Warning: Command \j invalid in math mode on input line 1131.

Package epstopdf Info: Source file: <./pics/s-matrix.eps>
(epstopdf)                    date: 2020-08-05 17:33:41
(epstopdf)                    size: 6909 bytes
(epstopdf)             Output file: <./pics/s-matrix-eps-converted-to.pdf>
(epstopdf)                    date: 2020-08-05 17:35:30
(epstopdf)                    size: 4402 bytes
(epstopdf)             Command: <repstopdf --outfile=./pics/s-matrix-eps-conver
ted-to.pdf ./pics/s-matrix.eps>
(epstopdf)             \includegraphics on input line 1135.
Package epstopdf Info: Output file is already uptodate.
<./pics/s-matrix-eps-converted-to.pdf, id=662, 371.3875pt x 410.53375pt>
File: ./pics/s-matrix-eps-converted-to.pdf Graphic file (type pdf)
<use ./pics/s-matrix-eps-converted-to.pdf>
Package pdftex.def Info: ./pics/s-matrix-eps-converted-to.pdf  used on input li
ne 1135.
(pdftex.def)             Requested size: 91.9229pt x 101.6121pt.

Package hyperref Warning: Token not allowed in a PDF string (PDFDocEncoding):
(hyperref)                removing `math shift' on input line 1145.


Package hyperref Warning: Token not allowed in a PDF string (PDFDocEncoding):
(hyperref)                removing `\new@ifnextchar' on input line 1145.


Package hyperref Warning: Token not allowed in a PDF string (PDFDocEncoding):
(hyperref)                removing `superscript' on input line 1145.


Package hyperref Warning: Token not allowed in a PDF string (PDFDocEncoding):
(hyperref)                removing `\omega' on input line 1145.


Package hyperref Warning: Token not allowed in a PDF string (PDFDocEncoding):
(hyperref)                removing `subscript' on input line 1145.


Package hyperref Warning: Token not allowed in a PDF string (PDFDocEncoding):
(hyperref)                removing `math shift' on input line 1145.

[31 <./pics/s-matrix-eps-converted-to.pdf>] <xymatrix 3x3 194> [32] [33]
[34

]
Chapter 3.

Underfull \vbox (badness 1308) has occurred while \output is active []

 [35]

Package hyperref Warning: Token not allowed in a PDF string (PDFDocEncoding):
(hyperref)                removing `math shift' on input line 1995.


Package hyperref Warning: Token not allowed in a PDF string (PDFDocEncoding):
(hyperref)                removing `\new@ifnextchar' on input line 1995.


Package hyperref Warning: Token not allowed in a PDF string (PDFDocEncoding):
(hyperref)                removing `superscript' on input line 1995.


Package hyperref Warning: Token not allowed in a PDF string (PDFDocEncoding):
(hyperref)                removing `\omega' on input line 1995.


Package hyperref Warning: Token not allowed in a PDF string (PDFDocEncoding):
(hyperref)                removing `subscript' on input line 1995.


Package hyperref Warning: Token not allowed in a PDF string (PDFDocEncoding):
(hyperref)                removing `math shift' on input line 1995.

[36]
Package epstopdf Info: Source file: <./pics/ptr.eps>
(epstopdf)                    date: 2020-09-22 16:23:50
(epstopdf)                    size: 18903 bytes
(epstopdf)             Output file: <./pics/ptr-eps-converted-to.pdf>
(epstopdf)                    date: 2020-09-22 16:31:28
(epstopdf)                    size: 9217 bytes
(epstopdf)             Command: <repstopdf --outfile=./pics/ptr-eps-converted-t
o.pdf ./pics/ptr.eps>
(epstopdf)             \includegraphics on input line 2021.
Package epstopdf Info: Output file is already uptodate.
<./pics/ptr-eps-converted-to.pdf, id=735, 216.81pt x 202.7575pt>
File: ./pics/ptr-eps-converted-to.pdf Graphic file (type pdf)
<use ./pics/ptr-eps-converted-to.pdf>
Package pdftex.def Info: ./pics/ptr-eps-converted-to.pdf  used on input line 20
21.
(pdftex.def)             Requested size: 114.90536pt x 107.45787pt.
 [37] [38 <./pics/ptr-eps-converted-to.pdf>]
Package epstopdf Info: Source file: <./pics/b-braid.eps>
(epstopdf)                    date: 2020-09-27 15:49:30
(epstopdf)                    size: 17885 bytes
(epstopdf)             Output file: <./pics/b-braid-eps-converted-to.pdf>
(epstopdf)                    date: 2020-09-27 15:49:38
(epstopdf)                    size: 9052 bytes
(epstopdf)             Command: <repstopdf --outfile=./pics/b-braid-eps-convert
ed-to.pdf ./pics/b-braid.eps>
(epstopdf)             \includegraphics on input line 2092.
Package epstopdf Info: Output file is already uptodate.
<./pics/b-braid-eps-converted-to.pdf, id=761, 1199.48125pt x 758.835pt>
File: ./pics/b-braid-eps-converted-to.pdf Graphic file (type pdf)
<use ./pics/b-braid-eps-converted-to.pdf>
Package pdftex.def Info: ./pics/b-braid-eps-converted-to.pdf  used on input lin
e 2092.
(pdftex.def)             Requested size: 183.8458pt x 116.29822pt.
 [39 <./pics/b-braid-eps-converted-to.pdf>]
Package epstopdf Info: Source file: <./pics/conj.eps>
(epstopdf)                    date: 2020-09-23 21:05:24
(epstopdf)                    size: 3360 bytes
(epstopdf)             Output file: <./pics/conj-eps-converted-to.pdf>
(epstopdf)                    date: 2020-09-23 21:05:32
(epstopdf)                    size: 3000 bytes
(epstopdf)             Command: <repstopdf --outfile=./pics/conj-eps-converted-
to.pdf ./pics/conj.eps>
(epstopdf)             \includegraphics on input line 2113.
Package epstopdf Info: Output file is already uptodate.
<./pics/conj-eps-converted-to.pdf, id=775, 295.1025pt x 453.695pt>
File: ./pics/conj-eps-converted-to.pdf Graphic file (type pdf)
<use ./pics/conj-eps-converted-to.pdf>
Package pdftex.def Info: ./pics/conj-eps-converted-to.pdf  used on input line 2
113.
(pdftex.def)             Requested size: 36.77055pt x 56.52481pt.
Package epstopdf Info: Source file: <./pics/conjugated.eps>
(epstopdf)                    date: 2020-09-23 21:18:53
(epstopdf)                    size: 20808 bytes
(epstopdf)             Output file: <./pics/conjugated-eps-converted-to.pdf>
(epstopdf)                    date: 2020-09-23 21:19:02
(epstopdf)                    size: 10170 bytes
(epstopdf)             Command: <repstopdf --outfile=./pics/conjugated-eps-conv
erted-to.pdf ./pics/conjugated.eps>
(epstopdf)             \includegraphics on input line 2117.
Package epstopdf Info: Output file is already uptodate.
<./pics/conjugated-eps-converted-to.pdf, id=776, 1162.3425pt x 539.01375pt>
File: ./pics/conjugated-eps-converted-to.pdf Graphic file (type pdf)
<use ./pics/conjugated-eps-converted-to.pdf>
Package pdftex.def Info: ./pics/conjugated-eps-converted-to.pdf  used on input 
line 2117.
(pdftex.def)             Requested size: 229.81075pt x 106.56712pt.
Package epstopdf Info: Source file: <./pics/slidethru.eps>
(epstopdf)                    date: 2020-09-23 21:23:42
(epstopdf)                    size: 16477 bytes
(epstopdf)             Output file: <./pics/slidethru-eps-converted-to.pdf>
(epstopdf)                    date: 2020-09-23 21:23:58
(epstopdf)                    size: 8412 bytes
(epstopdf)             Command: <repstopdf --outfile=./pics/slidethru-eps-conve
rted-to.pdf ./pics/slidethru.eps>
(epstopdf)             \includegraphics on input line 2122.
Package epstopdf Info: Output file is already uptodate.
<./pics/slidethru-eps-converted-to.pdf, id=777, 1296.845pt x 493.845pt>
File: ./pics/slidethru-eps-converted-to.pdf Graphic file (type pdf)
<use ./pics/slidethru-eps-converted-to.pdf>
Package pdftex.def Info: ./pics/slidethru-eps-converted-to.pdf  used on input l
ine 2122.
(pdftex.def)             Requested size: 321.73364pt x 122.51901pt.
Package epstopdf Info: Source file: <./pics/final.eps>
(epstopdf)                    date: 2020-09-23 21:09:37
(epstopdf)                    size: 36123 bytes
(epstopdf)             Output file: <./pics/final-eps-converted-to.pdf>
(epstopdf)                    date: 2020-09-23 21:17:05
(epstopdf)                    size: 14793 bytes
(epstopdf)             Command: <repstopdf --outfile=./pics/final-eps-converted
-to.pdf ./pics/final.eps>
(epstopdf)             \includegraphics on input line 2126.
Package epstopdf Info: Output file is already uptodate.
<./pics/final-eps-converted-to.pdf, id=778, 2253.41875pt x 588.1975pt>
File: ./pics/final-eps-converted-to.pdf Graphic file (type pdf)
<use ./pics/final-eps-converted-to.pdf>
Package pdftex.def Info: ./pics/final-eps-converted-to.pdf  used on input line 
2126.
(pdftex.def)             Requested size: 413.65654pt x 107.97116pt.
 [40 <./pics/conj-eps-converted-to.pdf> <./pics/conjugated-eps-converted-to.pdf
> <./pics/slidethru-eps-converted-to.pdf> <./pics/final-eps-converted-to.pdf>] 
[41] [42] [43]

LaTeX Warning: Reference `codes' on page 1 undefined on input line 2269.


Package hyperref Warning: Token not allowed in a PDF string (PDFDocEncoding):
(hyperref)                removing `math shift' on input line 2298.


Package hyperref Warning: Token not allowed in a PDF string (PDFDocEncoding):
(hyperref)                removing `math shift' on input line 2298.

[44] [45] [46] [47]
Underfull \hbox (badness 10000) in paragraph at lines 2437--2438

 []

[48] [49]
Underfull \hbox (badness 10000) in paragraph at lines 2484--2486

 []


Underfull \hbox (badness 10000) in paragraph at lines 2490--2491

 []

[50] [51] [52] [53]
Overfull \hbox (87.29866pt too wide) detected at line 2614
[]
 []


Overfull \hbox (2.26852pt too wide) detected at line 2618
[]
 []

[54]
Overfull \hbox (27.81326pt too wide) detected at line 2623
[]
 []

[55] [56]
Underfull \hbox (badness 10000) in paragraph at lines 2701--2702

 []

LaTeX Font Info:    Font shape `OT1/cmtt/bx/n' in size <9> not available
(Font)              Font shape `OT1/cmtt/m/n' tried instead on input line 2704.

[57] [58]
Underfull \vbox (badness 10000) has occurred while \output is active []

 [59]
[60] [61]
Overfull \hbox (27.99702pt too wide) in paragraph at lines 2985--2986
[][][][][][][][][][][][][][][][][][][][][][][][][][][][][][][][] 
 []

[62]
Chapter 4.

Package hyperref Warning: Token not allowed in a PDF string (PDFDocEncoding):
(hyperref)                removing `math shift' on input line 3033.


Package hyperref Warning: Token not allowed in a PDF string (PDFDocEncoding):
(hyperref)                removing `math shift' on input line 3033.

[63

] [64] <xymatrix 3x2 190> [65] <xymatrix 2x2 182> [66]

Package hyperref Warning: Token not allowed in a PDF string (PDFDocEncoding):
(hyperref)                removing `math shift' on input line 3142.


Package hyperref Warning: Token not allowed in a PDF string (PDFDocEncoding):
(hyperref)                removing `math shift' on input line 3142.

[67] [68]

Package hyperref Warning: Token not allowed in a PDF string (PDFDocEncoding):
(hyperref)                removing `math shift' on input line 3225.


Package hyperref Warning: Token not allowed in a PDF string (PDFDocEncoding):
(hyperref)                removing `math shift' on input line 3225.

[69] <xymatrix 5x2 437> [70] <xymatrix 3x2 145> [71] [72] <xymatrix 7x2 1201>
[73]
Overfull \hbox (27.99702pt too wide) in paragraph at lines 3374--3375
[][][][][][][][][][][][][][][][][][][][][][][][][][][][][] 
 []


Overfull \hbox (57.21664pt too wide) in paragraph at lines 3389--3390
\OT1/cmr/m/n/10.95 phism or-bits of all sub-groups [][][][][][] un-der the ac-t
ion of the au-to-mor-phism group [][][][][][],
 []

[74]
Overfull \hbox (107.37679pt too wide) in paragraph at lines 3426--3427
[][][][][][][][][][][][][][][][][][][][][][][][][][][][][][][][][][][][][][][][
] 
 []

[75] [76]
Overfull \hbox (147.06667pt too wide) in paragraph at lines 3506--3507
[][][][][][][][][][][][][][][][][][][][][][][][][][][][][][][][][][] 
 []


Overfull \hbox (266.1363pt too wide) in paragraph at lines 3540--3541
[][][][][][][][][][][][][][][][][][][][][][][][][][][][][][][][][][][][][][][][
][][][][][][][][][][][][][][][][][][][][][][][][][][][][] 
 []


Overfull \hbox (22.32704pt too wide) in paragraph at lines 3541--3543
[][][][][][][][][][][][][][][][][][][][][][][][][][][][][][][][][][][][][][][][
][][][][][]
 []

[77]
Overfull \hbox (436.2358pt too wide) in paragraph at lines 3566--3567
[][][][][][][][][][][][][][][][][][][][][][][][][][][][][][][][][][][][][][][][
][][][][][][][][][][][][][][][][][][][] 
 []


Overfull \hbox (124.38673pt too wide) in paragraph at lines 3574--3575
[][][][][][][][][][][][][][][][][][][][][][][][][][][][][][][][][][][][][][][][
][][][][][][][][][][][][][][][][][] 
 []


Overfull \hbox (79.02687pt too wide) in paragraph at lines 3585--3586
[][][][][][][][][][][][][][][][][][][][][][][][][][][][][][][][][][][][][][][][
][][][][][][][][] 
 []


Overfull \hbox (158.40663pt too wide) in paragraph at lines 3591--3592
[][][][][][][][][][][][][][][][][][][][][][][][][][][][][][][][][][][][][][][][
][][][][][][][] 
 []


Overfull \hbox (600.6653pt too wide) in paragraph at lines 3596--3597
[][][][][][][][][][][][][][][][][][][][][][][][][][][][][][][][][][][][][][][][
][][][][][][][][][][][][][][][][][][][][][][][][][][][][][][][][][][][][][][][]
[][][][][][][][][][][][][][] 
 []

[78]
Overfull \hbox (305.82619pt too wide) in paragraph at lines 3614--3615
[][][][][][][][][][][][][][][][][][][][][][][][][][][][][][][][][][][][][][][][
][][][][][][] 
 []


Overfull \hbox (16.65706pt too wide) in paragraph at lines 3640--3641
[][][][][][][][][][][][][][][][][][][][][][][][][][][][] 
 []


Overfull \hbox (124.38673pt too wide) in paragraph at lines 3651--3652
[][][][][][][][][][][][][][][][][][][][][][][][][][][][][][][][][][][][][][][][
][][][][][][][][][] 
 []

[79]
Overfull \hbox (362.52602pt too wide) in paragraph at lines 3668--3669
[][][][][][][][][][][][][][][][][][][][][][][][][][][][][][][][][][][][][][][][
][][][][][][][][][][][][][] 
 []


Overfull \hbox (67.6869pt too wide) in paragraph at lines 3671--3672
[][][][][][][][][][][][][][][][][][][][][][][][][][][][][][][][] 
 []


Overfull \hbox (5.3171pt too wide) in paragraph at lines 3672--3673
[][][][][][][][][][][][][][][][][][][][][][][][][][][][][][][] 
 []

[80]
Appendix A.
<xymatrix 7x2 782> [81

] [82pdfTeX warning (ext4): destination with the same identifier (name{equation
.A.0.6}) has been already used, duplicate ignored

\AtBegShi@Output ...ipout \box \AtBeginShipoutBox 
                                                  \fi \fi 
l.3751 \end{equation}
                     ] (./thesis.bbl [83pdfTeX warning (ext4): destination with
 the same identifier (name{equation.A.0.8}) has been already used, duplicate ig
nored

\AtBegShi@Output ...ipout \box \AtBeginShipoutBox 
                                                  \fi \fi 
l.18 \begin{thebibliography}{MMP{\etalchar{+}}20}
                                                 ] [84

] [85]) [86]
Package atveryend Info: Empty hook `BeforeClearDocument' on input line 3755.
Package atveryend Info: Empty hook `AfterLastShipout' on input line 3755.

(./thesis.aux)
Package atveryend Info: Executing hook `AtVeryEndDocument' on input line 3755.
Package atveryend Info: Executing hook `AtEndAfterFileList' on input line 3755.

Package rerunfilecheck Info: File `thesis.out' has not changed.
(rerunfilecheck)             Checksum: 5C3BED4F83A10C58F0A7306A035BACEB;2577.


LaTeX Warning: There were undefined references.


LaTeX Warning: There were multiply-defined labels.

Package atveryend Info: Empty hook `AtVeryVeryEnd' on input line 3755.
 ) 
Here is how much of TeX's memory you used:
 28416 strings out of 481239
 494704 string characters out of 5920377
 982409 words of memory out of 5000000
 41929 multiletter control sequences out of 15000+600000
 553243 words of font info for 115 fonts, out of 8000000 for 9000
 1141 hyphenation exceptions out of 8191
 64i,22n,81p,3234b,1841s stack positions out of 5000i,500n,10000p,200000b,80000s
 </home/akulkarni/.texlive2019/texmf-var/fonts/pk/ljfour/public/bbm/bbm10.657
pk></usr/share/texlive/texmf-dist/fonts/type1/public/amsfonts/cm/cmbx10.pfb></u
sr/share/texlive/texmf-dist/fonts/type1/public/amsfonts/cm/cmbx12.pfb></usr/sha
re/texlive/texmf-dist/fonts/type1/public/amsfonts/cm/cmbx6.pfb></usr/share/texl
ive/texmf-dist/fonts/type1/public/amsfonts/cm/cmbx8.pfb></usr/share/texlive/tex
mf-dist/fonts/type1/public/amsfonts/cm/cmex10.pfb></usr/share/texlive/texmf-dis
t/fonts/type1/public/amsfonts/cmextra/cmex8.pfb></usr/share/texlive/texmf-dist/
fonts/type1/public/amsfonts/cm/cmitt10.pfb></usr/share/texlive/texmf-dist/fonts
/type1/public/amsfonts/cm/cmmi10.pfb></usr/share/texlive/texmf-dist/fonts/type1
/public/amsfonts/cm/cmmi12.pfb></usr/share/texlive/texmf-dist/fonts/type1/publi
c/amsfonts/cm/cmmi6.pfb></usr/share/texlive/texmf-dist/fonts/type1/public/amsfo
nts/cm/cmmi8.pfb></usr/share/texlive/texmf-dist/fonts/type1/public/amsfonts/cm/
cmr10.pfb></usr/share/texlive/texmf-dist/fonts/type1/public/amsfonts/cm/cmr12.p
fb></usr/share/texlive/texmf-dist/fonts/type1/public/amsfonts/cm/cmr17.pfb></us
r/share/texlive/texmf-dist/fonts/type1/public/amsfonts/cm/cmr6.pfb></usr/share/
texlive/texmf-dist/fonts/type1/public/amsfonts/cm/cmr8.pfb></usr/share/texlive/
texmf-dist/fonts/type1/public/amsfonts/cm/cmsl10.pfb></usr/share/texlive/texmf-
dist/fonts/type1/public/amsfonts/cm/cmsy10.pfb></usr/share/texlive/texmf-dist/f
onts/type1/public/amsfonts/cm/cmsy6.pfb></usr/share/texlive/texmf-dist/fonts/ty
pe1/public/amsfonts/cm/cmsy8.pfb></usr/share/texlive/texmf-dist/fonts/type1/pub
lic/amsfonts/cm/cmti10.pfb></usr/share/texlive/texmf-dist/fonts/type1/public/am
sfonts/cm/cmtt9.pfb></usr/share/texlive/texmf-dist/fonts/type1/public/amsfonts/
symbols/msam10.pfb></usr/share/texlive/texmf-dist/fonts/type1/public/amsfonts/s
ymbols/msbm10.pfb></usr/share/texlive/texmf-dist/fonts/type1/public/amsfonts/sy
mbols/msbm7.pfb></usr/share/texlive/texmf-dist/fonts/type1/public/stmaryrd/stma
ry10.pfb></usr/share/texlive/texmf-dist/fonts/type1/public/xypic/xycmat10.pfb><
/usr/share/texlive/texmf-dist/fonts/type1/public/xypic/xycmbt10.pfb>
Output written on thesis.pdf (86 pages, 741735 bytes).
PDF statistics:
 2294 PDF objects out of 2487 (max. 8388607)
 2072 compressed objects within 21 object streams
 1165 named destinations out of 1200 (max. 500000)
 367 words of extra memory for PDF output out of 10000 (max. 10000000)

