\BOOKMARK [0][-]{chapter.1}{Introduction}{}% 1
\BOOKMARK [0][-]{chapter.2}{Preliminaries}{}% 2
\BOOKMARK [1][-]{section.2.1}{Monoidal categories}{chapter.2}% 3
\BOOKMARK [2][-]{subsection.2.1.1}{Rigidity}{section.2.1}% 4
\BOOKMARK [2][-]{subsection.2.1.2}{Fusion categories}{section.2.1}% 5
\BOOKMARK [2][-]{subsection.2.1.3}{Pointed fusion categories}{section.2.1}% 6
\BOOKMARK [1][-]{section.2.2}{Module categories and categorical Morita equivalence}{chapter.2}% 7
\BOOKMARK [2][-]{subsection.2.2.1}{Algebra objects in fusion categories and Ostrik's theorem}{section.2.2}% 8
\BOOKMARK [2][-]{subsection.2.2.2}{Dual categories and categorical Morita equivalence}{section.2.2}% 9
\BOOKMARK [1][-]{section.2.3}{Modular fusion categories}{chapter.2}% 10
\BOOKMARK [2][-]{subsection.2.3.1}{Braided categories}{section.2.3}% 11
\BOOKMARK [2][-]{subsection.2.3.2}{Modularity}{section.2.3}% 12
\BOOKMARK [2][-]{subsection.2.3.3}{The Drinfeld center of VecG}{section.2.3}% 13
\BOOKMARK [0][-]{chapter.3}{An invariant beyond modular data}{}% 14
\BOOKMARK [1][-]{section.3.1}{Warm-up: computing modular data for Z\(VecG\)}{chapter.3}% 15
\BOOKMARK [1][-]{section.3.2}{The B-tensor}{chapter.3}% 16
\BOOKMARK [1][-]{section.3.3}{The B-tensor of a twisted double}{chapter.3}% 17
\BOOKMARK [1][-]{section.3.4}{Twisted doubles of nonabelian groups of order pq}{chapter.3}% 18
\BOOKMARK [1][-]{section.3.5}{Square-free groups and their twisted doubles}{chapter.3}% 19
\BOOKMARK [1][-]{section.3.6}{The S matrix for twisted doubles of square-free groups}{chapter.3}% 20
\BOOKMARK [1][-]{section.3.7}{The B-tensor for twisted doubles of square-free groups}{chapter.3}% 21
\BOOKMARK [1][-]{section.3.8}{Counting equivalence classes of such categories}{chapter.3}% 22
\BOOKMARK [1][-]{section.3.9}{GAP code}{chapter.3}% 23
\BOOKMARK [0][-]{chapter.4}{The fusion ring of a group theoretical category}{}% 24
\BOOKMARK [1][-]{section.4.1}{Structure of the H-bimodule category}{chapter.4}% 25
\BOOKMARK [2][-]{subsection.4.1.1}{Description of simple objects}{section.4.1}% 26
\BOOKMARK [2][-]{subsection.4.1.2}{The H-bimodule tensor product}{section.4.1}% 27
\BOOKMARK [2][-]{subsection.4.1.3}{Characters of H-bimodules}{section.4.1}% 28
\BOOKMARK [1][-]{section.4.2}{Some details of cohomological computations}{chapter.4}% 29
\BOOKMARK [2][-]{subsection.4.2.1}{Finding suitable 2-cochains}{section.4.2}% 30
\BOOKMARK [2][-]{subsection.4.2.2}{Finding the homotopy}{section.4.2}% 31
\BOOKMARK [1][-]{section.4.3}{GAP Implementation}{chapter.4}% 32
\BOOKMARK [0][-]{appendix.A}{Group cohomology}{}% 33
